TN:
SF:src/components/Form/Button/index.tsx
FN:11,Button
FNF:1
FNH:0
FNDA:0,Button
DA:12,0
LF:1
LH:0
BRF:0
BRH:0
end_of_record
TN:
SF:src/components/Form/CategorySelectButton/index.tsx
FN:14,CategorySelectButton
FNF:1
FNH:0
FNDA:0,CategorySelectButton
DA:20,0
LF:1
LH:0
BRF:0
BRH:0
end_of_record
TN:
SF:src/components/Form/Input/index.tsx
FN:10,Input
FNF:1
FNH:1
FNDA:1,Input
DA:14,1
LF:1
LH:1
BRDA:11,0,0,0
BRF:1
BRH:0
end_of_record
TN:
SF:src/components/Form/InputForm/index.tsx
FN:15,InputForm
FN:25,(anonymous_1)
FNF:2
FNH:0
FNDA:0,InputForm
FNDA:0,(anonymous_1)
DA:21,0
DA:29,0
LF:2
LH:0
BRDA:37,0,0,0
BRDA:37,0,1,0
BRF:2
BRH:0
end_of_record
TN:
SF:src/components/Form/SigninSocialButton/index.tsx
FN:18,SigninSocialButton
FNF:1
FNH:0
FNDA:0,SigninSocialButton
DA:23,0
LF:1
LH:0
BRF:0
BRH:0
end_of_record
TN:
SF:src/components/Form/TransactionTypeButton/index.tsx
FN:17,TransactionTypeButton
FNF:1
FNH:0
FNDA:0,TransactionTypeButton
DA:6,0
DA:19,0
LF:2
LH:0
BRF:0
BRH:0
end_of_record
TN:
SF:src/components/Header/index.tsx
FN:12,Header
FNF:1
FNH:0
FNDA:0,Header
DA:13,0
LF:1
LH:0
BRF:0
BRH:0
end_of_record
TN:
SF:src/components/HighLightCard/index.tsx
FN:24,HighLightCard
FNF:1
FNH:0
FNDA:0,HighLightCard
DA:19,0
DA:31,0
LF:2
LH:0
BRF:0
BRH:0
end_of_record
TN:
SF:src/components/HystoryCard/index.tsx
FN:15,HistoryCard
FNF:1
FNH:0
FNDA:0,HistoryCard
DA:20,0
LF:1
LH:0
BRF:0
BRH:0
end_of_record
TN:
SF:src/components/TransactionCard/index.tsx
FN:26,TransactionCard
FN:27,(anonymous_1)
FNF:2
FNH:0
FNDA:0,TransactionCard
FNDA:0,(anonymous_1)
DA:27,0
DA:28,0
LF:2
LH:0
BRDA:35,0,0,0
BRDA:35,0,1,0
BRF:2
BRH:0
end_of_record
TN:
SF:src/hooks/auth.tsx
FN:27,AuthProvider
FN:33,signInWithGoogle
FN:57,signInWithApple
FN:81,formatName
FN:89,sigOut
FN:93,(anonymous_5)
FN:94,getUserAsync
FN:118,useAuth
FNF:8
FNH:6
FNDA:5,AuthProvider
FNDA:2,signInWithGoogle
FNDA:0,signInWithApple
FNDA:1,formatName
FNDA:0,sigOut
FNDA:2,(anonymous_5)
FNDA:2,getUserAsync
FNDA:5,useAuth
DA:7,1
DA:29,5
DA:30,5
DA:31,5
DA:34,2
DA:35,2
DA:43,2
DA:44,1
DA:50,1
DA:51,1
DA:54,0
DA:58,0
DA:59,0
DA:65,0
DA:66,0
DA:67,0
DA:68,0
DA:74,0
DA:75,0
DA:78,0
DA:82,1
DA:83,1
DA:84,0
DA:86,1
DA:90,0
DA:91,0
DA:93,5
DA:95,2
DA:96,2
DA:97,0
DA:98,0
DA:100,2
DA:102,2
DA:104,5
DA:119,5
DA:121,5
LF:36
LH:21
BRDA:43,0,0,1
BRDA:43,0,1,1
BRDA:65,1,0,0
BRDA:65,1,1,0
BRDA:83,2,0,0
BRDA:83,2,1,1
BRDA:96,3,0,0
BRDA:96,3,1,2
BRF:8
BRH:4
end_of_record
TN:
SF:src/routes/app.routes.tsx
FN:12,AppRoutes
FN:30,(anonymous_1)
FN:43,(anonymous_2)
FN:56,(anonymous_3)
FNF:4
FNH:0
FNDA:0,AppRoutes
FNDA:0,(anonymous_1)
FNDA:0,(anonymous_2)
FNDA:0,(anonymous_3)
DA:10,0
DA:13,0
DA:14,0
DA:31,0
DA:44,0
DA:57,0
LF:6
LH:0
BRDA:21,0,0,0
BRDA:21,0,1,0
BRF:2
BRH:0
end_of_record
TN:
SF:src/routes/auth.routes.tsx
FN:9,AuthRoutes
FNF:1
FNH:0
FNDA:0,AuthRoutes
DA:7,0
DA:10,0
LF:2
LH:0
BRF:0
BRH:0
end_of_record
TN:
SF:src/routes/index.tsx
FN:10,Routes
FNF:1
FNH:0
FNDA:0,Routes
DA:11,0
DA:12,0
LF:2
LH:0
BRDA:14,0,0,0
BRDA:14,0,1,0
BRF:2
BRH:0
end_of_record
TN:
SF:src/screens/CategorySelect/index.tsx
FN:31,CategorySelect
FN:36,handleCategorySelect
FN:47,(anonymous_2)
FN:48,(anonymous_3)
FN:50,(anonymous_4)
FN:57,(anonymous_5)
FNF:6
FNH:0
FNDA:0,CategorySelect
FNDA:0,handleCategorySelect
FNDA:0,(anonymous_2)
FNDA:0,(anonymous_3)
FNDA:0,(anonymous_4)
FNDA:0,(anonymous_5)
DA:37,0
DA:39,0
DA:47,0
DA:49,0
DA:50,0
DA:57,0
LF:6
LH:0
BRF:0
BRH:0
end_of_record
TN:
SF:src/screens/Dashboard/index.tsx
FN:48,Dashboard
FN:56,getLastDate
FN:63,(anonymous_2)
FN:64,(anonymous_3)
FN:83,loadTransacions
FN:89,(anonymous_5)
FN:164,(anonymous_6)
FN:166,removeTransactions
FN:173,(anonymous_8)
FN:226,(anonymous_9)
FN:227,(anonymous_10)
FNF:11
FNH:0
FNDA:0,Dashboard
FNDA:0,getLastDate
FNDA:0,(anonymous_2)
FNDA:0,(anonymous_3)
FNDA:0,loadTransacions
FNDA:0,(anonymous_5)
FNDA:0,(anonymous_6)
FNDA:0,removeTransactions
FNDA:0,(anonymous_8)
FNDA:0,(anonymous_9)
FNDA:0,(anonymous_10)
DA:50,0
DA:51,0
DA:52,0
DA:53,0
DA:54,0
DA:55,0
DA:60,0
DA:61,0
DA:62,0
DA:63,0
DA:64,0
DA:67,0
DA:73,0
DA:75,0
DA:84,0
DA:85,0
DA:86,0
DA:87,0
DA:88,0
DA:89,0
DA:91,0
DA:92,0
DA:94,0
DA:99,0
DA:105,0
DA:116,0
DA:125,0
DA:126,0
DA:127,0
DA:129,0
DA:154,0
DA:156,0
DA:158,0
DA:159,0
DA:164,0
DA:165,0
DA:168,0
DA:173,0
DA:174,0
DA:176,0
DA:226,0
DA:227,0
LF:42
LH:0
BRDA:61,0,0,0
BRDA:61,0,1,0
BRDA:86,1,0,0
BRDA:86,1,1,0
BRDA:91,2,0,0
BRDA:91,2,1,0
BRDA:179,3,0,0
BRDA:179,3,1,0
BRDA:191,4,0,0
BRDA:191,4,1,0
BRDA:206,5,0,0
BRDA:206,5,1,0
BRDA:212,6,0,0
BRDA:212,6,1,0
BRDA:218,7,0,0
BRDA:218,7,1,0
BRF:16
BRH:0
end_of_record
TN:
SF:src/screens/Profile/index.tsx
FN:10,Profile
FN:28,(anonymous_1)
FNF:2
FNH:1
FNDA:3,Profile
FNDA:0,(anonymous_1)
DA:12,3
LF:1
LH:1
BRF:0
BRH:0
end_of_record
TN:
SF:src/screens/Register/index.tsx
FN:42,Register
FN:63,resetForm
FN:71,handleTransactionTypeSelect
FN:74,handleOpenSelectCategoryModal
FN:77,handleCloseSelectCategoryModal
FN:81,handleRegister
FN:144,(anonymous_6)
FN:150,(anonymous_7)
FNF:8
FNH:0
FNDA:0,Register
FNDA:0,resetForm
FNDA:0,handleTransactionTypeSelect
FNDA:0,handleOpenSelectCategoryModal
FNDA:0,handleCloseSelectCategoryModal
FNDA:0,handleRegister
FNDA:0,(anonymous_6)
FNDA:0,(anonymous_7)
DA:32,0
DA:43,0
DA:44,0
DA:46,0
DA:47,0
DA:49,0
DA:53,0
DA:59,0
DA:64,0
DA:65,0
DA:69,0
DA:72,0
DA:75,0
DA:78,0
DA:82,0
DA:83,0
DA:85,0
DA:86,0
DA:88,0
DA:96,0
DA:98,0
DA:99,0
DA:100,0
DA:106,0
DA:108,0
DA:109,0
DA:111,0
DA:112,0
DA:116,0
DA:144,0
DA:150,0
LF:31
LH:0
BRDA:44,0,0,0
BRDA:44,0,1,0
BRDA:82,1,0,0
BRDA:82,1,1,0
BRDA:85,2,0,0
BRDA:85,2,1,0
BRDA:99,3,0,0
BRDA:99,3,1,0
BRDA:130,4,0,0
BRDA:130,4,1,0
BRDA:137,5,0,0
BRDA:137,5,1,0
BRF:12
BRH:0
end_of_record
TN:
SF:src/screens/Resume/index.tsx
FN:43,Resume
FN:49,handleDateChange
FN:58,loadData
FN:66,(anonymous_3)
FN:72,(anonymous_4)
FN:78,(anonymous_5)
FN:80,(anonymous_6)
FN:108,(anonymous_7)
FN:130,(anonymous_8)
FN:136,(anonymous_9)
FN:145,(anonymous_10)
FN:158,(anonymous_11)
FNF:12
FNH:0
FNDA:0,Resume
FNDA:0,handleDateChange
FNDA:0,loadData
FNDA:0,(anonymous_3)
FNDA:0,(anonymous_4)
FNDA:0,(anonymous_5)
FNDA:0,(anonymous_6)
FNDA:0,(anonymous_7)
FNDA:0,(anonymous_8)
FNDA:0,(anonymous_9)
FNDA:0,(anonymous_10)
FNDA:0,(anonymous_11)
DA:44,0
DA:45,0
DA:46,0
DA:47,0
DA:50,0
DA:51,0
DA:52,0
DA:54,0
DA:60,0
DA:61,0
DA:62,0
DA:63,0
DA:65,0
DA:67,0
DA:72,0
DA:73,0
DA:76,0
DA:78,0
DA:79,0
DA:80,0
DA:81,0
DA:82,0
DA:85,0
DA:86,0
DA:91,0
DA:92,0
DA:93,0
DA:105,0
DA:106,0
DA:108,0
DA:109,0
DA:111,0
DA:130,0
DA:136,0
DA:145,0
DA:159,0
LF:36
LH:0
BRDA:51,0,0,0
BRDA:51,0,1,0
BRDA:63,1,0,0
BRDA:63,1,1,0
BRDA:67,2,0,0
BRDA:67,2,1,0
BRDA:67,2,2,0
BRDA:81,3,0,0
BRDA:81,3,1,0
BRDA:85,4,0,0
BRDA:85,4,1,0
BRDA:115,5,0,0
BRDA:115,5,1,0
BRF:13
BRH:0
end_of_record
TN:
SF:src/screens/Signin/index.tsx
FN:27,Signin
FN:31,handleSignInWithGoogle
FN:41,handleSignInWithApple
FNF:3
FNH:0
FNDA:0,Signin
FNDA:0,handleSignInWithGoogle
FNDA:0,handleSignInWithApple
DA:28,0
DA:29,0
DA:30,0
DA:32,0
DA:33,0
DA:34,0
DA:36,0
DA:37,0
DA:38,0
DA:42,0
DA:43,0
DA:44,0
DA:46,0
DA:47,0
DA:48,0
DA:51,0
LF:16
LH:0
BRDA:77,0,0,0
BRDA:77,0,1,0
BRDA:85,1,0,0
BRDA:85,1,1,0
BRF:4
BRH:0
end_of_record
